<?xml version="1.0" encoding="UTF-8"?>
<testng-results ignored="1" total="3" passed="1" failed="1" skipped="0">
  <reporter-output>
    <line>
      <![CDATA[Driver for Screenshot: ChromeDriver: chrome on WINDOWS (7f6e9505b29e3d11b297b5c7b97fa011)]]>
    </line>
  </reporter-output>
  <suite started-at="2023-02-22T10:58:47 ICT" name="All Test Suite" finished-at="2023-02-22T10:59:11 ICT" duration-ms="23438">
    <groups>
    </groups>
    <test started-at="2023-02-22T10:58:47 ICT" name="Test 1" finished-at="2023-02-22T10:59:11 ICT" duration-ms="23438">
      <class name="testcases.ProjectTest">
        <test-method is-config="true" signature="initDriver(java.lang.String,java.lang.String)[pri:0, instance:testcases.ProjectTest@2324bfe7]" started-at="2023-02-22T10:58:47 ICT" name="initDriver" finished-at="2023-02-22T10:59:01 ICT" duration-ms="14182" status="PASS">
          <params>
            <param index="0">
              <value>
                <![CDATA[chrome]]>
              </value>
            </param>
            <param index="1">
              <value>
                <![CDATA[https://rise.fairsketch.com/signin]]>
              </value>
            </param>
          </params>
          <reporter-output>
          </reporter-output>
        </test-method> <!-- initDriver -->
        <test-method is-config="true" signature="setUp()[pri:0, instance:testcases.ProjectTest@2324bfe7]" started-at="2023-02-22T10:59:01 ICT" name="setUp" finished-at="2023-02-22T10:59:01 ICT" duration-ms="2" status="PASS">
          <reporter-output>
          </reporter-output>
        </test-method> <!-- setUp -->
        <test-method signature="loginTest()[pri:0, instance:testcases.ProjectTest@2324bfe7]" started-at="2023-02-22T10:59:01 ICT" name="loginTest" description="login to the website" finished-at="2023-02-22T10:59:07 ICT" duration-ms="5228" status="PASS">
          <reporter-output>
          </reporter-output>
        </test-method> <!-- loginTest -->
        <test-method signature="goToProjectPage()[pri:0, instance:testcases.ProjectTest@2324bfe7]" started-at="2023-02-22T10:59:07 ICT" name="goToProjectPage" description="go to Projects page" finished-at="2023-02-22T10:59:09 ICT" duration-ms="2854" status="FAIL">
          <exception class="java.lang.AssertionError">
            <message>
              <![CDATA[co tinh fail expected [true] but found [false]]]>
            </message>
            <full-stacktrace>
              <![CDATA[java.lang.AssertionError: co tinh fail expected [true] but found [false]
at org.testng.Assert.fail(Assert.java:99)
at org.testng.Assert.failNotEquals(Assert.java:1037)
at org.testng.Assert.assertTrue(Assert.java:45)
at testcases.ProjectTest.goToProjectPage(ProjectTest.java:51)
at java.base/jdk.internal.reflect.NativeMethodAccessorImpl.invoke0(Native Method)
at java.base/jdk.internal.reflect.NativeMethodAccessorImpl.invoke(NativeMethodAccessorImpl.java:62)
at java.base/jdk.internal.reflect.DelegatingMethodAccessorImpl.invoke(DelegatingMethodAccessorImpl.java:43)
at java.base/java.lang.reflect.Method.invoke(Method.java:566)
at org.testng.internal.MethodInvocationHelper.invokeMethod(MethodInvocationHelper.java:133)
at org.testng.internal.TestInvoker.invokeMethod(TestInvoker.java:598)
at org.testng.internal.TestInvoker.invokeTestMethod(TestInvoker.java:173)
at org.testng.internal.MethodRunner.runInSequence(MethodRunner.java:46)
at org.testng.internal.TestInvoker$MethodInvocationAgent.invoke(TestInvoker.java:824)
at org.testng.internal.TestInvoker.invokeTestMethods(TestInvoker.java:146)
at org.testng.internal.TestMethodWorker.invokeTestMethods(TestMethodWorker.java:146)
at org.testng.internal.TestMethodWorker.run(TestMethodWorker.java:128)
at java.base/java.util.ArrayList.forEach(ArrayList.java:1541)
at org.testng.TestRunner.privateRun(TestRunner.java:794)
at org.testng.TestRunner.run(TestRunner.java:596)
at org.testng.SuiteRunner.runTest(SuiteRunner.java:377)
at org.testng.SuiteRunner.runSequentially(SuiteRunner.java:371)
at org.testng.SuiteRunner.privateRun(SuiteRunner.java:332)
at org.testng.SuiteRunner.run(SuiteRunner.java:276)
at org.testng.SuiteRunnerWorker.runSuite(SuiteRunnerWorker.java:53)
at org.testng.SuiteRunnerWorker.run(SuiteRunnerWorker.java:96)
at org.testng.TestNG.runSuitesSequentially(TestNG.java:1212)
at org.testng.TestNG.runSuitesLocally(TestNG.java:1134)
at org.testng.TestNG.runSuites(TestNG.java:1063)
at org.testng.TestNG.run(TestNG.java:1031)
at org.apache.maven.surefire.testng.TestNGExecutor.run(TestNGExecutor.java:324)
at org.apache.maven.surefire.testng.TestNGXmlTestSuite.execute(TestNGXmlTestSuite.java:74)
at org.apache.maven.surefire.testng.TestNGProvider.invoke(TestNGProvider.java:123)
at org.apache.maven.surefire.booter.ForkedBooter.runSuitesInProcess(ForkedBooter.java:456)
at org.apache.maven.surefire.booter.ForkedBooter.execute(ForkedBooter.java:169)
at org.apache.maven.surefire.booter.ForkedBooter.run(ForkedBooter.java:595)
at org.apache.maven.surefire.booter.ForkedBooter.main(ForkedBooter.java:581)
]]>
            </full-stacktrace>
          </exception> <!-- java.lang.AssertionError -->
          <reporter-output>
            <line>
              <![CDATA[Driver for Screenshot: ChromeDriver: chrome on WINDOWS (7f6e9505b29e3d11b297b5c7b97fa011)]]>
            </line>
          </reporter-output>
        </test-method> <!-- goToProjectPage -->
        <test-method is-config="true" signature="tearDown()[pri:0, instance:testcases.ProjectTest@2324bfe7]" started-at="2023-02-22T10:59:11 ICT" name="tearDown" finished-at="2023-02-22T10:59:11 ICT" duration-ms="0" status="PASS">
          <reporter-output>
          </reporter-output>
        </test-method> <!-- tearDown -->
      </class> <!-- testcases.ProjectTest -->
    </test> <!-- Test 1 -->
  </suite> <!-- All Test Suite -->
</testng-results>
